Running on host grad03

Initial Time is Thu 20 Oct 2022 08:20:07 PM -03

Directory is /home/pp03015/programacao-paralela/memoria-compartilhada

This jobs runs on the following nodes:
grad[03-04]

JOB_ID:
5398

1 processos
0) 1010111110011001
0) 0110111110011001
0) 1110111110011001
0) 1010111111011001
0) 0110111111011001
0) 1110111111011001
0) 1010111110111001
0) 0110111110111001
0) 1110111110111001
Process 0 on grad03 is done

2 processos
0) 0110111110011001
0) 0110111111011001
0) 0110111110111001
1) 1010111110011001
1) 1110111110011001
1) 1010111111011001
1) 1110111111011001
1) 1010111110111001
1) 1110111110111001
Process 0 on grad03 is done
Process 1 on grad03 is done

3 processos
2) 1010111110011001
2) 0110111111011001
2) 1110111110111001
0) 0110111110011001
0) 1110111111011001
0) 1010111110111001
1) 1110111110011001
1) 1010111111011001
1) 0110111110111001
Process 2 on grad03 is done
Process 1 on grad03 is done
Process 0 on grad03 is done

4 processos
1) 1010111110011001
1) 1010111111011001
1) 1010111110111001
2) 0110111110011001
2) 0110111111011001
2) 0110111110111001
3) 1110111110011001
3) 1110111111011001
3) 1110111110111001
Process 0 on grad03 is done
Process 3 on grad03 is done
Process 1 on grad03 is done
Process 2 on grad03 is done

Final Time is Thu 20 Oct 2022 08:20:08 PM -03
